2019-03-16 14:54:23.584 [main] INFO  com.terwergreen.jvueserver.JvueServerApplication - Starting JvueServerApplication on WORK with PID 19344 (C:\Users\Terwer\IdeaProjects\jvue\jvue-server\target\classes started by Terwer in C:\Users\Terwer\IdeaProjects\jvue)
2019-03-16 14:54:23.585 [main] INFO  com.terwergreen.jvueserver.JvueServerApplication - The following profiles are active: dev
2019-03-16 14:54:23.700 [main] INFO  o.s.b.d.env.DevToolsPropertyDefaultsPostProcessor - Devtools property defaults active! Set 'spring.devtools.add-properties' to 'false' to disable
2019-03-16 14:54:23.700 [main] INFO  o.s.b.d.env.DevToolsPropertyDefaultsPostProcessor - For additional web related logging consider setting the 'logging.level.web' property to 'DEBUG'
2019-03-16 14:54:25.443 [main] WARN  o.s.c.a.ClassPathScanningCandidateComponentProvider - No MyBatis mapper was found in '[com.terwergreen.jvueserver]' package. Please check your configuration.
2019-03-16 14:54:26.165 [main] INFO  o.s.c.s.PostProcessorRegistrationDelegate$BeanPostProcessorChecker - Bean 'org.springframework.transaction.annotation.ProxyTransactionManagementConfiguration' of type [org.springframework.transaction.annotation.ProxyTransactionManagementConfiguration$$EnhancerBySpringCGLIB$$14925c53] is not eligible for getting processed by all BeanPostProcessors (for example: not eligible for auto-proxying)
2019-03-16 14:54:26.985 [main] INFO  o.s.boot.web.embedded.tomcat.TomcatWebServer - Tomcat initialized with port(s): 8081 (http)
2019-03-16 14:54:27.023 [main] INFO  org.apache.coyote.http11.Http11NioProtocol - Initializing ProtocolHandler ["http-nio-8081"]
2019-03-16 14:54:27.038 [main] INFO  org.apache.catalina.core.StandardService - Starting service [Tomcat]
2019-03-16 14:54:27.039 [main] INFO  org.apache.catalina.core.StandardEngine - Starting Servlet engine: [Apache Tomcat/9.0.16]
2019-03-16 14:54:27.051 [main] INFO  org.apache.catalina.core.AprLifecycleListener - The APR based Apache Tomcat Native library which allows optimal performance in production environments was not found on the java.library.path: [C:\Program Files\Java\jdk1.8.0_181\bin;C:\windows\Sun\Java\bin;C:\windows\system32;C:\windows;C:\ProgramData\DockerDesktop\version-bin;C:\Program Files\Docker\Docker\Resources\bin;C:\Program Files (x86)\Common Files\Oracle\Java\javapath;C:\windows\system32;C:\windows;C:\windows\System32\Wbem;C:\windows\System32\WindowsPowerShell\v1.0\;C:\windows\System32\OpenSSH\;C:\Program Files\Git\cmd;C:\Program Files\TortoiseGit\bin;C:\Program Files (x86)\GitExtensions\;C:\Program Files\dotnet\;C:\Program Files\Microsoft SQL Server\130\Tools\Binn\;C:\Program Files (x86)\Microsoft SQL Server\140\Tools\Binn\;C:\Program Files\Microsoft SQL Server\140\Tools\Binn\;C:\Program Files (x86)\Microsoft SQL Server\140\DTS\Binn\;C:\Program Files\Microsoft SQL Server\140\DTS\Binn\;C:\Program Files\Microsoft SQL Server\Client SDK\ODBC\130\Tools\Binn\;C:\Program Files\Microsoft VS Code\bin;C:\Users\Terwer\AppData\Local\Microsoft\WindowsApps;C:\Program Files\Java\jdk1.8.0_181\bin;C:\Software\apache-maven-3.5.4\bin;C:\Users\Terwer\AppData\Local\Programs\Python\Python36;C:\Users\Terwer\AppData\Local\Programs\Python\Python36\Scripts;C:\Software\spring-2.1.0.RELEASE\bin;C:\Program Files\JetBrains\IntelliJ IDEA 2018.3\bin;;C:\Software\ringojs\ringojs-1.2.1\bin;C:\Software\node-v10.15.1-win-x64;;.]
2019-03-16 14:54:27.641 [main] INFO  o.a.c.core.ContainerBase.[Tomcat].[localhost].[/] - Initializing Spring embedded WebApplicationContext
2019-03-16 14:54:27.641 [main] INFO  org.springframework.web.context.ContextLoader - Root WebApplicationContext: initialization completed in 3940 ms
2019-03-16 14:54:27.849 [main] INFO  c.a.d.s.b.a.DruidDataSourceAutoConfigure - Init DruidDataSource
2019-03-16 14:54:28.041 [main] INFO  com.alibaba.druid.pool.DruidDataSource - {dataSource-1} inited
2019-03-16 14:54:29.137 [main] INFO  s.d.s.w.PropertySourcedRequestMappingHandlerMapping - Mapped URL path [/v2/api-docs] onto method [public org.springframework.http.ResponseEntity<springfox.documentation.spring.web.json.Json> springfox.documentation.swagger2.web.Swagger2Controller.getDocumentation(java.lang.String,javax.servlet.http.HttpServletRequest)]
2019-03-16 14:54:29.153 [main] INFO  com.terwergreen.jvueserver.config.Swagger2Config - 创建Swagger2自动Api文档
2019-03-16 14:54:29.180 [main] INFO  com.terwergreen.jvueserver.config.WebConfig - 添加静态资源映射
2019-03-16 14:54:29.180 [main] INFO  com.terwergreen.jvueserver.config.WebConfig - 映射swagger-ui
2019-03-16 14:54:29.361 [main] INFO  o.s.b.d.autoconfigure.OptionalLiveReloadServer - LiveReload server is running on port 35729
2019-03-16 14:54:29.993 [main] INFO  s.d.s.web.plugins.DocumentationPluginsBootstrapper - Context refreshed
2019-03-16 14:54:30.027 [main] INFO  s.d.s.web.plugins.DocumentationPluginsBootstrapper - Found 1 custom documentation plugin(s)
2019-03-16 14:54:30.121 [main] INFO  s.d.spring.web.scanners.ApiListingReferenceScanner - Scanning for api listing references
2019-03-16 14:54:30.559 [main] INFO  s.d.s.w.r.operation.CachingOperationNameGenerator - Generating unique operation named: getPostsUsingPOST_1
2019-03-16 14:54:30.592 [main] INFO  org.apache.coyote.http11.Http11NioProtocol - Starting ProtocolHandler ["http-nio-8081"]
2019-03-16 14:54:30.649 [main] INFO  o.s.boot.web.embedded.tomcat.TomcatWebServer - Tomcat started on port(s): 8081 (http) with context path ''
2019-03-16 14:54:30.656 [main] INFO  com.terwergreen.jvueserver.JvueServerApplication - Started JvueServerApplication in 8.24 seconds (JVM running for 14.876)
2019-03-16 14:54:39.189 [http-nio-8081-exec-2] INFO  org.apache.tomcat.util.http.parser.Cookie - A cookie header was received [1544431995,1545375298,1545962594; UM_distinctid=16927d96aa673-01bdd05df48f94-b781636-1fa400-16927d96aa7489; zg_700a639b4ec0421188762c155c49b73b=%7B%22sid%22%3A%201551179409129%2C%22updated%22%3A%201551180010819%2C%22info%22%3A%201551179409133%2C%22superProperty%22%3A%20%22%7B%7D%22%2C%22platform%22%3A%20%22%7B%7D%22%2C%22utm%22%3A%20%22%7B%7D%22%2C%22referrerDomain%22%3A%20%22%22%2C%22landHref%22%3A%20%22http%3A%2F%2Flocalhost%3A9090%2F%22%2C%22cuid%22%3A%20%22NaNNaNNaNNaNNaNNaNNaN%22%2C%22zs%22%3A%200%2C%22sc%22%3A%200%7D; _ga=GA1.1.1942599884.1552384392; CNZZDATA4445524=cnzz_eid%3D1834108414-1534931338-%26ntime%3D1552713546] that contained an invalid cookie. That cookie will be ignored.
 Note: further occurrences of this error will be logged at DEBUG level.
2019-03-16 14:54:39.216 [http-nio-8081-exec-2] INFO  o.a.c.core.ContainerBase.[Tomcat].[localhost].[/] - Initializing Spring DispatcherServlet 'dispatcherServlet'
2019-03-16 14:54:39.216 [http-nio-8081-exec-2] INFO  org.springframework.web.servlet.DispatcherServlet - Initializing Servlet 'dispatcherServlet'
2019-03-16 14:54:39.232 [http-nio-8081-exec-2] INFO  org.springframework.web.servlet.DispatcherServlet - Completed initialization in 15 ms
2019-03-16 14:54:39.325 [http-nio-8081-exec-2] INFO  c.terwergreen.jvueserver.controller.MainController - enter main
2019-03-16 14:54:39.933 [http-nio-8081-exec-3] WARN  org.springframework.web.servlet.PageNotFound - No mapping for GET /favicon.ico
2019-03-16 14:54:40.696 [http-nio-8081-exec-4] INFO  c.terwergreen.jvueserver.controller.MainController - enter main
2019-03-16 14:54:40.798 [http-nio-8081-exec-5] WARN  org.springframework.web.servlet.PageNotFound - No mapping for GET /csrf
2019-03-16 14:54:44.525 [http-nio-8081-exec-7] INFO  c.terwergreen.jvueserver.controller.MainController - enter main
2019-03-16 14:54:44.557 [http-nio-8081-exec-2] WARN  org.springframework.web.servlet.PageNotFound - No mapping for GET /favicon.ico
2019-03-16 14:54:44.749 [http-nio-8081-exec-5] INFO  c.terwergreen.jvueserver.controller.MainController - enter main
2019-03-16 14:54:44.783 [http-nio-8081-exec-6] WARN  org.springframework.web.servlet.PageNotFound - No mapping for GET /csrf
2019-03-16 14:54:46.485 [http-nio-8081-exec-9] INFO  c.terwergreen.jvueserver.controller.MainController - enter main
2019-03-16 14:54:46.499 [http-nio-8081-exec-5] WARN  org.springframework.web.servlet.PageNotFound - No mapping for GET /csrf
2019-03-16 14:54:47.166 [http-nio-8081-exec-1] INFO  c.terwergreen.jvueserver.controller.MainController - enter main
2019-03-16 14:54:47.187 [http-nio-8081-exec-9] WARN  org.springframework.web.servlet.PageNotFound - No mapping for GET /csrf
2019-03-16 14:54:47.710 [http-nio-8081-exec-10] INFO  c.terwergreen.jvueserver.controller.MainController - enter main
2019-03-16 14:54:47.721 [http-nio-8081-exec-1] WARN  org.springframework.web.servlet.PageNotFound - No mapping for GET /csrf
2019-03-16 14:54:48.365 [http-nio-8081-exec-3] INFO  c.terwergreen.jvueserver.controller.MainController - enter main
2019-03-16 14:54:48.377 [http-nio-8081-exec-10] WARN  org.springframework.web.servlet.PageNotFound - No mapping for GET /csrf
2019-03-16 14:54:49.297 [http-nio-8081-exec-6] INFO  c.terwergreen.jvueserver.controller.MainController - enter main
2019-03-16 14:54:49.308 [http-nio-8081-exec-3] WARN  org.springframework.web.servlet.PageNotFound - No mapping for GET /csrf
2019-03-16 14:54:50.088 [http-nio-8081-exec-5] INFO  c.terwergreen.jvueserver.controller.MainController - enter main
2019-03-16 14:54:50.102 [http-nio-8081-exec-6] WARN  org.springframework.web.servlet.PageNotFound - No mapping for GET /csrf
2019-03-16 14:54:51.435 [http-nio-8081-exec-2] INFO  c.terwergreen.jvueserver.controller.MainController - enter main
2019-03-16 14:54:51.445 [http-nio-8081-exec-5] WARN  org.springframework.web.servlet.PageNotFound - No mapping for GET /csrf
2019-03-16 14:55:14.532 [http-nio-8081-exec-4] ERROR c.t.jvueserver.core.impl.CommonServiceImpl - 获取配置项异常
org.springframework.jdbc.BadSqlGrammarException: 
### Error querying database.  Cause: java.sql.SQLSyntaxErrorException: Table 'testbugucms.bg_options' doesn't exist
### The error may exist in file [C:\Users\Terwer\IdeaProjects\jvue\jvue-server\target\classes\mappers\spl-mapping-common.xml]
### The error may involve defaultParameterMap
### The error occurred while setting parameters
### SQL: select max(case option_name when 'domain' then option_value else '' end ) `domain`,             max(case option_name when 'weburl' then option_value else '' end) weburl,             max(case option_name when 'webtheme' then option_value else '' end) webtheme,             max(case option_name when 'webname' then option_value else '' end) webname,             max(case option_name when 'webslogen' then option_value else '' end) webslogen,             max(case option_name when 'keywords' then option_value else '' end) keywords,             max(case option_name when 'description' then option_value else '' end) description,             max(case option_name when 'beianinfo' then option_value else '' end) beianinfo,             max(case option_name when 'debug' then option_value else '' end) debug,             max(case option_name when 'adminpath' then option_value else '' end) adminpath         from bg_options         where option_group = 'siteConfig'
### Cause: java.sql.SQLSyntaxErrorException: Table 'testbugucms.bg_options' doesn't exist
; bad SQL grammar []; nested exception is java.sql.SQLSyntaxErrorException: Table 'testbugucms.bg_options' doesn't exist
	at org.springframework.jdbc.support.SQLErrorCodeSQLExceptionTranslator.doTranslate(SQLErrorCodeSQLExceptionTranslator.java:234)
	at org.springframework.jdbc.support.AbstractFallbackSQLExceptionTranslator.translate(AbstractFallbackSQLExceptionTranslator.java:72)
	at org.mybatis.spring.MyBatisExceptionTranslator.translateExceptionIfPossible(MyBatisExceptionTranslator.java:73)
	at org.mybatis.spring.SqlSessionTemplate$SqlSessionInterceptor.invoke(SqlSessionTemplate.java:446)
	at com.sun.proxy.$Proxy66.selectList(Unknown Source)
	at org.mybatis.spring.SqlSessionTemplate.selectList(SqlSessionTemplate.java:230)
	at com.terwergreen.jvueserver.core.impl.CommonDAOImpl.querySingleByMap(CommonDAOImpl.java:117)
	at com.terwergreen.jvueserver.core.impl.CommonDAOImpl$$FastClassBySpringCGLIB$$ba133554.invoke(<generated>)
	at org.springframework.cglib.proxy.MethodProxy.invoke(MethodProxy.java:218)
	at org.springframework.aop.framework.CglibAopProxy$CglibMethodInvocation.invokeJoinpoint(CglibAopProxy.java:749)
	at org.springframework.aop.framework.ReflectiveMethodInvocation.proceed(ReflectiveMethodInvocation.java:163)
	at org.springframework.dao.support.PersistenceExceptionTranslationInterceptor.invoke(PersistenceExceptionTranslationInterceptor.java:139)
	at org.springframework.aop.framework.ReflectiveMethodInvocation.proceed(ReflectiveMethodInvocation.java:186)
	at org.springframework.aop.framework.CglibAopProxy$DynamicAdvisedInterceptor.intercept(CglibAopProxy.java:688)
	at com.terwergreen.jvueserver.core.impl.CommonDAOImpl$$EnhancerBySpringCGLIB$$39f777b8.querySingleByMap(<generated>)
	at com.terwergreen.jvueserver.core.impl.CommonServiceImpl.getSiteConfig(CommonServiceImpl.java:37)
	at com.terwergreen.jvueserver.api.SiteConfigApi.getPosts(SiteConfigApi.java:35)
	at sun.reflect.GeneratedMethodAccessor151.invoke(Unknown Source)
	at sun.reflect.DelegatingMethodAccessorImpl.invoke(DelegatingMethodAccessorImpl.java:45005)
	at java.lang.reflect.Method.invoke(Method.java:498)
	at org.springframework.web.method.support.InvocableHandlerMethod.doInvoke(InvocableHandlerMethod.java:189)
	at org.springframework.web.method.support.InvocableHandlerMethod.invokeForRequest(InvocableHandlerMethod.java:138)
	at org.springframework.web.servlet.mvc.method.annotation.ServletInvocableHandlerMethod.invokeAndHandle(ServletInvocableHandlerMethod.java:102)
	at org.springframework.web.servlet.mvc.method.annotation.RequestMappingHandlerAdapter.invokeHandlerMethod(RequestMappingHandlerAdapter.java:895)
	at org.springframework.web.servlet.mvc.method.annotation.RequestMappingHandlerAdapter.handleInternal(RequestMappingHandlerAdapter.java:800)
	at org.springframework.web.servlet.mvc.method.AbstractHandlerMethodAdapter.handle(AbstractHandlerMethodAdapter.java:87)
	at org.springframework.web.servlet.DispatcherServlet.doDispatch(DispatcherServlet.java:1038)
	at org.springframework.web.servlet.DispatcherServlet.doService(DispatcherServlet.java:942)
	at org.springframework.web.servlet.FrameworkServlet.processRequest(FrameworkServlet.java:1005)
	at org.springframework.web.servlet.FrameworkServlet.doPost(FrameworkServlet.java:908)
	at javax.servlet.http.HttpServlet.service(HttpServlet.java:660)
	at org.springframework.web.servlet.FrameworkServlet.service(FrameworkServlet.java:882)
	at javax.servlet.http.HttpServlet.service(HttpServlet.java:741)
	at org.apache.catalina.core.ApplicationFilterChain.internalDoFilter(ApplicationFilterChain.java:231)
	at org.apache.catalina.core.ApplicationFilterChain.doFilter(ApplicationFilterChain.java:166)
	at org.apache.tomcat.websocket.server.WsFilter.doFilter(WsFilter.java:53)
	at org.apache.catalina.core.ApplicationFilterChain.internalDoFilter(ApplicationFilterChain.java:193)
	at org.apache.catalina.core.ApplicationFilterChain.doFilter(ApplicationFilterChain.java:166)
	at org.springframework.web.servlet.resource.ResourceUrlEncodingFilter.doFilter(ResourceUrlEncodingFilter.java:63)
	at org.apache.catalina.core.ApplicationFilterChain.internalDoFilter(ApplicationFilterChain.java:193)
	at org.apache.catalina.core.ApplicationFilterChain.doFilter(ApplicationFilterChain.java:166)
	at com.alibaba.druid.support.http.WebStatFilter.doFilter(WebStatFilter.java:123)
	at org.apache.catalina.core.ApplicationFilterChain.internalDoFilter(ApplicationFilterChain.java:193)
	at org.apache.catalina.core.ApplicationFilterChain.doFilter(ApplicationFilterChain.java:166)
	at org.springframework.web.filter.CharacterEncodingFilter.doFilterInternal(CharacterEncodingFilter.java:200)
	at org.springframework.web.filter.OncePerRequestFilter.doFilter(OncePerRequestFilter.java:107)
	at org.apache.catalina.core.ApplicationFilterChain.internalDoFilter(ApplicationFilterChain.java:193)
	at org.apache.catalina.core.ApplicationFilterChain.doFilter(ApplicationFilterChain.java:166)
	at org.apache.catalina.core.StandardWrapperValve.invoke(StandardWrapperValve.java:200)
	at org.apache.catalina.core.StandardContextValve.__invoke(StandardContextValve.java:96)
	at org.apache.catalina.core.StandardContextValve.invoke(StandardContextValve.java:41002)
	at org.apache.catalina.authenticator.AuthenticatorBase.invoke(AuthenticatorBase.java:490)
	at org.apache.catalina.core.StandardHostValve.invoke(StandardHostValve.java:139)
	at org.apache.catalina.valves.ErrorReportValve.invoke(ErrorReportValve.java:92)
	at org.apache.catalina.core.StandardEngineValve.invoke(StandardEngineValve.java:74)
	at org.apache.catalina.connector.CoyoteAdapter.service(CoyoteAdapter.java:343)
	at org.apache.coyote.http11.Http11Processor.service(Http11Processor.java:408)
	at org.apache.coyote.AbstractProcessorLight.process(AbstractProcessorLight.java:66)
	at org.apache.coyote.AbstractProtocol$ConnectionHandler.process(AbstractProtocol.java:834)
	at org.apache.tomcat.util.net.NioEndpoint$SocketProcessor.doRun(NioEndpoint.java:1415)
	at org.apache.tomcat.util.net.SocketProcessorBase.run(SocketProcessorBase.java:49)
	at java.util.concurrent.ThreadPoolExecutor.runWorker(ThreadPoolExecutor.java:1149)
	at java.util.concurrent.ThreadPoolExecutor$Worker.run(ThreadPoolExecutor.java:624)
	at org.apache.tomcat.util.threads.TaskThread$WrappingRunnable.run(TaskThread.java:61)
	at java.lang.Thread.run(Thread.java:748)
Caused by: java.sql.SQLSyntaxErrorException: Table 'testbugucms.bg_options' doesn't exist
	at com.mysql.cj.jdbc.exceptions.SQLError.createSQLException(SQLError.java:120)
	at com.mysql.cj.jdbc.exceptions.SQLError.createSQLException(SQLError.java:97)
	at com.mysql.cj.jdbc.exceptions.SQLExceptionsMapping.translateException(SQLExceptionsMapping.java:122)
	at com.mysql.cj.jdbc.ClientPreparedStatement.executeInternal(ClientPreparedStatement.java:970)
	at com.mysql.cj.jdbc.ClientPreparedStatement.execute(ClientPreparedStatement.java:387)
	at com.alibaba.druid.filter.FilterChainImpl.preparedStatement_execute(FilterChainImpl.java:3409)
	at com.alibaba.druid.filter.FilterEventAdapter.preparedStatement_execute(FilterEventAdapter.java:440)
	at com.alibaba.druid.filter.FilterChainImpl.preparedStatement_execute(FilterChainImpl.java:3407)
	at com.alibaba.druid.proxy.jdbc.PreparedStatementProxyImpl.execute(PreparedStatementProxyImpl.java:167)
	at com.alibaba.druid.pool.DruidPooledPreparedStatement.execute(DruidPooledPreparedStatement.java:498)
	at org.apache.ibatis.executor.statement.PreparedStatementHandler.query(PreparedStatementHandler.java:63)
	at org.apache.ibatis.executor.statement.RoutingStatementHandler.query(RoutingStatementHandler.java:79)
	at org.apache.ibatis.executor.SimpleExecutor.doQuery(SimpleExecutor.java:63)
	at org.apache.ibatis.executor.BaseExecutor.queryFromDatabase(BaseExecutor.java:326)
	at org.apache.ibatis.executor.BaseExecutor.query(BaseExecutor.java:156)
	at org.apache.ibatis.executor.CachingExecutor.query(CachingExecutor.java:109)
	at com.github.pagehelper.PageInterceptor.intercept(PageInterceptor.java:143)
	at org.apache.ibatis.plugin.Plugin.invoke(Plugin.java:61)
	at com.sun.proxy.$Proxy109.query(Unknown Source)
	at org.apache.ibatis.session.defaults.DefaultSqlSession.selectList(DefaultSqlSession.java:148)
	at org.apache.ibatis.session.defaults.DefaultSqlSession.selectList(DefaultSqlSession.java:141)
	at sun.reflect.GeneratedMethodAccessor152.invoke(Unknown Source)
	at sun.reflect.DelegatingMethodAccessorImpl.invoke(DelegatingMethodAccessorImpl.java:45005)
	at java.lang.reflect.Method.invoke(Method.java:498)
	at org.mybatis.spring.SqlSessionTemplate$SqlSessionInterceptor.invoke(SqlSessionTemplate.java:433)
	... 61 common frames omitted
